diamond v2.1.10.164 (C) Max Planck Society for the Advancement of Science, Benjamin Buchfink, University of Tuebingen
Documentation, support and updates available at http://www.diamondsearch.org
Please cite: http://dx.doi.org/10.1038/s41592-021-01101-x Nature Methods (2021)

#CPU threads: 1
Scoring parameters: (Matrix=BLOSUM62 Lambda=0.267 K=0.041 Penalties=11/1)
Temporary directory: /var/folders/dg/vdbdvr2s3j358xs1x09pqg_c0000gn/T//singlem_53395_31908
#Target sequences to report alignments for: 25
Opening the database...  [0.012s]
Database: /Users/jiayi/Desktop/metagenomic_pipeline/QIIME/Data/reference_dbs/DIAMOND/methane_master_db (type: Diamond database, sequences: 101573, letters: 18289506)
Block size = 2000000000
Opening the input file...  [0.031s]
Opening the output file...  [0s]
Loading query sequences...  [0.13s]
Masking queries...  [15.043s]
Algorithm: Double-indexed
Building query histograms...  [1.029s]
Seeking in database...  [0s]
Loading reference sequences...  [0.009s]
Masking reference...  [2.502s]
Initializing temporary storage...  [0.001s]
Building reference histograms...  [0.795s]
Allocating buffers...  [0s]
Processing query block 1, reference block 1/1, shape 1/16, index chunk 1/4.
Building reference seed array...  [0.105s]
Building query seed array...  [0.125s]
Computing hash join...  [0.05s]
Masking low complexity seeds...  [0.009s]
Searching alignments...  [0.043s]
Deallocating memory...  [0s]
Processing query block 1, reference block 1/1, shape 1/16, index chunk 2/4.
Building reference seed array...  [0.104s]
Building query seed array...  [0.123s]
Computing hash join...  [0.049s]
Masking low complexity seeds...  [0.009s]
Searching alignments...  [0.042s]
Deallocating memory...  [0s]
Processing query block 1, reference block 1/1, shape 1/16, index chunk 3/4.
Building reference seed array...  [0.103s]
Building query seed array...  [0.122s]
Computing hash join...  [0.051s]
Masking low complexity seeds...  [0.009s]
Searching alignments...  [0.042s]
Deallocating memory...  [0s]
Processing query block 1, reference block 1/1, shape 1/16, index chunk 4/4.
Building reference seed array...  [0.106s]
Building query seed array...  [0.123s]
Computing hash join...  [0.049s]
Masking low complexity seeds...  [0.009s]
Searching alignments...  [0.041s]
Deallocating memory...  [0s]
Processing query block 1, reference block 1/1, shape 2/16, index chunk 1/4.
Building reference seed array...  [0.098s]
Building query seed array...  [0.106s]
Computing hash join...  [0.041s]
Masking low complexity seeds...  [0.008s]
Searching alignments...  [0.036s]
Deallocating memory...  [0s]
Processing query block 1, reference block 1/1, shape 2/16, index chunk 2/4.
Building reference seed array...  [0.103s]
Building query seed array...  [0.106s]
Computing hash join...  [0.043s]
Masking low complexity seeds...  [0.008s]
Searching alignments...  [0.035s]
Deallocating memory...  [0s]
Processing query block 1, reference block 1/1, shape 2/16, index chunk 3/4.
Building reference seed array...  [0.103s]
Building query seed array...  [0.106s]
Computing hash join...  [0.047s]
Masking low complexity seeds...  [0.008s]
Searching alignments...  [0.036s]
Deallocating memory...  [0s]
Processing query block 1, reference block 1/1, shape 2/16, index chunk 4/4.
Building reference seed array...  [0.1s]
Building query seed array...  [0.106s]
Computing hash join...  [0.046s]
Masking low complexity seeds...  [0.008s]
Searching alignments...  [0.035s]
Deallocating memory...  [0s]
Processing query block 1, reference block 1/1, shape 3/16, index chunk 1/4.
Building reference seed array...  [0.104s]
Building query seed array...  [0.119s]
Computing hash join...  [0.05s]
Masking low complexity seeds...  [0.009s]
Searching alignments...  [0.041s]
Deallocating memory...  [0s]
Processing query block 1, reference block 1/1, shape 3/16, index chunk 2/4.
Building reference seed array...  [0.109s]
Building query seed array...  [0.119s]
Computing hash join...  [0.05s]
Masking low complexity seeds...  [0.009s]
Searching alignments...  [0.041s]
Deallocating memory...  [0s]
Processing query block 1, reference block 1/1, shape 3/16, index chunk 3/4.
Building reference seed array...  [0.104s]
Building query seed array...  [0.119s]
Computing hash join...  [0.045s]
Masking low complexity seeds...  [0.009s]
Searching alignments...  [0.04s]
Deallocating memory...  [0s]
Processing query block 1, reference block 1/1, shape 3/16, index chunk 4/4.
Building reference seed array...  [0.102s]
Building query seed array...  [0.119s]
Computing hash join...  [0.049s]
Masking low complexity seeds...  [0.009s]
Searching alignments...  [0.04s]
Deallocating memory...  [0s]
Processing query block 1, reference block 1/1, shape 4/16, index chunk 1/4.
Building reference seed array...  [0.106s]
Building query seed array...  [0.116s]
Computing hash join...  [0.048s]
Masking low complexity seeds...  [0.009s]
Searching alignments...  [0.039s]
Deallocating memory...  [0s]
Processing query block 1, reference block 1/1, shape 4/16, index chunk 2/4.
Building reference seed array...  [0.103s]
Building query seed array...  [0.116s]
Computing hash join...  [0.049s]
Masking low complexity seeds...  [0.009s]
Searching alignments...  [0.04s]
Deallocating memory...  [0s]
Processing query block 1, reference block 1/1, shape 4/16, index chunk 3/4.
Building reference seed array...  [0.103s]
Building query seed array...  [0.117s]
Computing hash join...  [0.049s]
Masking low complexity seeds...  [0.009s]
Searching alignments...  [0.039s]
Deallocating memory...  [0s]
Processing query block 1, reference block 1/1, shape 4/16, index chunk 4/4.
Building reference seed array...  [0.1s]
Building query seed array...  [0.116s]
Computing hash join...  [0.049s]
Masking low complexity seeds...  [0.009s]
Searching alignments...  [0.037s]
Deallocating memory...  [0s]
Processing query block 1, reference block 1/1, shape 5/16, index chunk 1/4.
Building reference seed array...  [0.102s]
Building query seed array...  [0.11s]
Computing hash join...  [0.047s]
Masking low complexity seeds...  [0.009s]
Searching alignments...  [0.036s]
Deallocating memory...  [0s]
Processing query block 1, reference block 1/1, shape 5/16, index chunk 2/4.
Building reference seed array...  [0.104s]
Building query seed array...  [0.111s]
Computing hash join...  [0.047s]
Masking low complexity seeds...  [0.008s]
Searching alignments...  [0.038s]
Deallocating memory...  [0s]
Processing query block 1, reference block 1/1, shape 5/16, index chunk 3/4.
Building reference seed array...  [0.103s]
Building query seed array...  [0.11s]
Computing hash join...  [0.047s]
Masking low complexity seeds...  [0.008s]
Searching alignments...  [0.036s]
Deallocating memory...  [0s]
Processing query block 1, reference block 1/1, shape 5/16, index chunk 4/4.
Building reference seed array...  [0.098s]
Building query seed array...  [0.11s]
Computing hash join...  [0.044s]
Masking low complexity seeds...  [0.009s]
Searching alignments...  [0.036s]
Deallocating memory...  [0s]
Processing query block 1, reference block 1/1, shape 6/16, index chunk 1/4.
Building reference seed array...  [0.103s]
Building query seed array...  [0.113s]
Computing hash join...  [0.048s]
Masking low complexity seeds...  [0.009s]
Searching alignments...  [0.039s]
Deallocating memory...  [0s]
Processing query block 1, reference block 1/1, shape 6/16, index chunk 2/4.
Building reference seed array...  [0.105s]
Building query seed array...  [0.113s]
Computing hash join...  [0.049s]
Masking low complexity seeds...  [0.009s]
Searching alignments...  [0.038s]
Deallocating memory...  [0s]
Processing query block 1, reference block 1/1, shape 6/16, index chunk 3/4.
Building reference seed array...  [0.101s]
Building query seed array...  [0.113s]
Computing hash join...  [0.046s]
Masking low complexity seeds...  [0.009s]
Searching alignments...  [0.037s]
Deallocating memory...  [0s]
Processing query block 1, reference block 1/1, shape 6/16, index chunk 4/4.
Building reference seed array...  [0.1s]
Building query seed array...  [0.113s]
Computing hash join...  [0.047s]
Masking low complexity seeds...  [0.009s]
Searching alignments...  [0.037s]
Deallocating memory...  [0s]
Processing query block 1, reference block 1/1, shape 7/16, index chunk 1/4.
Building reference seed array...  [0.101s]
Building query seed array...  [0.107s]
Computing hash join...  [0.047s]
Masking low complexity seeds...  [0.009s]
Searching alignments...  [0.035s]
Deallocating memory...  [0s]
Processing query block 1, reference block 1/1, shape 7/16, index chunk 2/4.
Building reference seed array...  [0.1s]
Building query seed array...  [0.106s]
Computing hash join...  [0.042s]
Masking low complexity seeds...  [0.008s]
Searching alignments...  [0.034s]
Deallocating memory...  [0s]
Processing query block 1, reference block 1/1, shape 7/16, index chunk 3/4.
Building reference seed array...  [0.103s]
Building query seed array...  [0.107s]
Computing hash join...  [0.048s]
Masking low complexity seeds...  [0.008s]
Searching alignments...  [0.036s]
Deallocating memory...  [0s]
Processing query block 1, reference block 1/1, shape 7/16, index chunk 4/4.
Building reference seed array...  [0.099s]
Building query seed array...  [0.107s]
Computing hash join...  [0.045s]
Masking low complexity seeds...  [0.008s]
Searching alignments...  [0.035s]
Deallocating memory...  [0s]
Processing query block 1, reference block 1/1, shape 8/16, index chunk 1/4.
Building reference seed array...  [0.105s]
Building query seed array...  [0.109s]
Computing hash join...  [0.048s]
Masking low complexity seeds...  [0.009s]
Searching alignments...  [0.036s]
Deallocating memory...  [0s]
Processing query block 1, reference block 1/1, shape 8/16, index chunk 2/4.
Building reference seed array...  [0.103s]
Building query seed array...  [0.109s]
Computing hash join...  [0.048s]
Masking low complexity seeds...  [0.009s]
Searching alignments...  [0.036s]
Deallocating memory...  [0s]
Processing query block 1, reference block 1/1, shape 8/16, index chunk 3/4.
Building reference seed array...  [0.1s]
Building query seed array...  [0.11s]
Computing hash join...  [0.048s]
Masking low complexity seeds...  [0.008s]
Searching alignments...  [0.037s]
Deallocating memory...  [0s]
Processing query block 1, reference block 1/1, shape 8/16, index chunk 4/4.
Building reference seed array...  [0.099s]
Building query seed array...  [0.109s]
Computing hash join...  [0.047s]
Masking low complexity seeds...  [0.009s]
Searching alignments...  [0.034s]
Deallocating memory...  [0s]
Processing query block 1, reference block 1/1, shape 9/16, index chunk 1/4.
Building reference seed array...  [0.105s]
Building query seed array...  [0.116s]
Computing hash join...  [0.047s]
Masking low complexity seeds...  [0.009s]
Searching alignments...  [0.04s]
Deallocating memory...  [0s]
Processing query block 1, reference block 1/1, shape 9/16, index chunk 2/4.
Building reference seed array...  [0.103s]
Building query seed array...  [0.116s]
Computing hash join...  [0.048s]
Masking low complexity seeds...  [0.009s]
Searching alignments...  [0.039s]
Deallocating memory...  [0s]
Processing query block 1, reference block 1/1, shape 9/16, index chunk 3/4.
Building reference seed array...  [0.106s]
Building query seed array...  [0.116s]
Computing hash join...  [0.044s]
Masking low complexity seeds...  [0.009s]
Searching alignments...  [0.039s]
Deallocating memory...  [0s]
Processing query block 1, reference block 1/1, shape 9/16, index chunk 4/4.
Building reference seed array...  [0.101s]
Building query seed array...  [0.116s]
Computing hash join...  [0.05s]
Masking low complexity seeds...  [0.009s]
Searching alignments...  [0.038s]
Deallocating memory...  [0s]
Processing query block 1, reference block 1/1, shape 10/16, index chunk 1/4.
Building reference seed array...  [0.098s]
Building query seed array...  [0.103s]
Computing hash join...  [0.039s]
Masking low complexity seeds...  [0.008s]
Searching alignments...  [0.034s]
Deallocating memory...  [0s]
Processing query block 1, reference block 1/1, shape 10/16, index chunk 2/4.
Building reference seed array...  [0.101s]
Building query seed array...  [0.103s]
Computing hash join...  [0.043s]
Masking low complexity seeds...  [0.008s]
Searching alignments...  [0.034s]
Deallocating memory...  [0s]
Processing query block 1, reference block 1/1, shape 10/16, index chunk 3/4.
Building reference seed array...  [0.099s]
Building query seed array...  [0.103s]
Computing hash join...  [0.045s]
Masking low complexity seeds...  [0.008s]
Searching alignments...  [0.034s]
Deallocating memory...  [0s]
Processing query block 1, reference block 1/1, shape 10/16, index chunk 4/4.
Building reference seed array...  [0.104s]
Building query seed array...  [0.103s]
Computing hash join...  [0.041s]
Masking low complexity seeds...  [0.008s]
Searching alignments...  [0.035s]
Deallocating memory...  [0s]
Processing query block 1, reference block 1/1, shape 11/16, index chunk 1/4.
Building reference seed array...  [0.104s]
Building query seed array...  [0.112s]
Computing hash join...  [0.048s]
Masking low complexity seeds...  [0.009s]
Searching alignments...  [0.038s]
Deallocating memory...  [0s]
Processing query block 1, reference block 1/1, shape 11/16, index chunk 2/4.
Building reference seed array...  [0.1s]
Building query seed array...  [0.112s]
Computing hash join...  [0.048s]
Masking low complexity seeds...  [0.009s]
Searching alignments...  [0.035s]
Deallocating memory...  [0s]
Processing query block 1, reference block 1/1, shape 11/16, index chunk 3/4.
Building reference seed array...  [0.107s]
Building query seed array...  [0.113s]
Computing hash join...  [0.043s]
Masking low complexity seeds...  [0.009s]
Searching alignments...  [0.038s]
Deallocating memory...  [0s]
Processing query block 1, reference block 1/1, shape 11/16, index chunk 4/4.
Building reference seed array...  [0.1s]
Building query seed array...  [0.114s]
Computing hash join...  [0.05s]
Masking low complexity seeds...  [0.009s]
Searching alignments...  [0.039s]
Deallocating memory...  [0s]
Processing query block 1, reference block 1/1, shape 12/16, index chunk 1/4.
Building reference seed array...  [0.099s]
Building query seed array...  [0.103s]
Computing hash join...  [0.045s]
Masking low complexity seeds...  [0.008s]
Searching alignments...  [0.032s]
Deallocating memory...  [0s]
Processing query block 1, reference block 1/1, shape 12/16, index chunk 2/4.
Building reference seed array...  [0.103s]
Building query seed array...  [0.104s]
Computing hash join...  [0.046s]
Masking low complexity seeds...  [0.008s]
Searching alignments...  [0.035s]
Deallocating memory...  [0s]
Processing query block 1, reference block 1/1, shape 12/16, index chunk 3/4.
Building reference seed array...  [0.099s]
Building query seed array...  [0.103s]
Computing hash join...  [0.044s]
Masking low complexity seeds...  [0.008s]
Searching alignments...  [0.034s]
Deallocating memory...  [0s]
Processing query block 1, reference block 1/1, shape 12/16, index chunk 4/4.
Building reference seed array...  [0.102s]
Building query seed array...  [0.103s]
Computing hash join...  [0.043s]
Masking low complexity seeds...  [0.008s]
Searching alignments...  [0.034s]
Deallocating memory...  [0s]
Processing query block 1, reference block 1/1, shape 13/16, index chunk 1/4.
Building reference seed array...  [0.098s]
Building query seed array...  [0.103s]
Computing hash join...  [0.044s]
Masking low complexity seeds...  [0.008s]
Searching alignments...  [0.034s]
Deallocating memory...  [0s]
Processing query block 1, reference block 1/1, shape 13/16, index chunk 2/4.
Building reference seed array...  [0.101s]
Building query seed array...  [0.103s]
Computing hash join...  [0.045s]
Masking low complexity seeds...  [0.008s]
Searching alignments...  [0.032s]
Deallocating memory...  [0s]
Processing query block 1, reference block 1/1, shape 13/16, index chunk 3/4.
Building reference seed array...  [0.101s]
Building query seed array...  [0.104s]
Computing hash join...  [0.045s]
Masking low complexity seeds...  [0.008s]
Searching alignments...  [0.033s]
Deallocating memory...  [0s]
Processing query block 1, reference block 1/1, shape 13/16, index chunk 4/4.
Building reference seed array...  [0.103s]
Building query seed array...  [0.103s]
Computing hash join...  [0.041s]
Masking low complexity seeds...  [0.008s]
Searching alignments...  [0.034s]
Deallocating memory...  [0s]
Processing query block 1, reference block 1/1, shape 14/16, index chunk 1/4.
Building reference seed array...  [0.104s]
Building query seed array...  [0.106s]
Computing hash join...  [0.045s]
Masking low complexity seeds...  [0.008s]
Searching alignments...  [0.036s]
Deallocating memory...  [0s]
Processing query block 1, reference block 1/1, shape 14/16, index chunk 2/4.
Building reference seed array...  [0.098s]
Building query seed array...  [0.106s]
Computing hash join...  [0.043s]
Masking low complexity seeds...  [0.008s]
Searching alignments...  [0.034s]
Deallocating memory...  [0s]
Processing query block 1, reference block 1/1, shape 14/16, index chunk 3/4.
Building reference seed array...  [0.099s]
Building query seed array...  [0.107s]
Computing hash join...  [0.044s]
Masking low complexity seeds...  [0.008s]
Searching alignments...  [0.035s]
Deallocating memory...  [0s]
Processing query block 1, reference block 1/1, shape 14/16, index chunk 4/4.
Building reference seed array...  [0.104s]
Building query seed array...  [0.106s]
Computing hash join...  [0.045s]
Masking low complexity seeds...  [0.008s]
Searching alignments...  [0.034s]
Deallocating memory...  [0s]
Processing query block 1, reference block 1/1, shape 15/16, index chunk 1/4.
Building reference seed array...  [0.101s]
Building query seed array...  [0.11s]
Computing hash join...  [0.046s]
Masking low complexity seeds...  [0.009s]
Searching alignments...  [0.036s]
Deallocating memory...  [0s]
Processing query block 1, reference block 1/1, shape 15/16, index chunk 2/4.
Building reference seed array...  [0.102s]
Building query seed array...  [0.11s]
Computing hash join...  [0.045s]
Masking low complexity seeds...  [0.009s]
Searching alignments...  [0.038s]
Deallocating memory...  [0s]
Processing query block 1, reference block 1/1, shape 15/16, index chunk 3/4.
Building reference seed array...  [0.105s]
Building query seed array...  [0.11s]
Computing hash join...  [0.047s]
Masking low complexity seeds...  [0.009s]
Searching alignments...  [0.036s]
Deallocating memory...  [0s]
Processing query block 1, reference block 1/1, shape 15/16, index chunk 4/4.
Building reference seed array...  [0.103s]
Building query seed array...  [0.11s]
Computing hash join...  [0.046s]
Masking low complexity seeds...  [0.009s]
Searching alignments...  [0.036s]
Deallocating memory...  [0s]
Processing query block 1, reference block 1/1, shape 16/16, index chunk 1/4.
Building reference seed array...  [0.096s]
Building query seed array...  [0.103s]
Computing hash join...  [0.044s]
Masking low complexity seeds...  [0.008s]
Searching alignments...  [0.033s]
Deallocating memory...  [0s]
Processing query block 1, reference block 1/1, shape 16/16, index chunk 2/4.
Building reference seed array...  [0.101s]
Building query seed array...  [0.103s]
Computing hash join...  [0.04s]
Masking low complexity seeds...  [0.008s]
Searching alignments...  [0.033s]
Deallocating memory...  [0s]
Processing query block 1, reference block 1/1, shape 16/16, index chunk 3/4.
Building reference seed array...  [0.104s]
Building query seed array...  [0.103s]
Computing hash join...  [0.045s]
Masking low complexity seeds...  [0.008s]
Searching alignments...  [0.034s]
Deallocating memory...  [0s]
Processing query block 1, reference block 1/1, shape 16/16, index chunk 4/4.
Building reference seed array...  [0.105s]
Building query seed array...  [0.103s]
Computing hash join...  [0.046s]
Masking low complexity seeds...  [0.008s]
Searching alignments...  [0.033s]
Deallocating memory...  [0s]
Deallocating buffers...  [0s]
Clearing query masking...  [0.002s]
Computing alignments...  [0.347s]
Deallocating reference...  [0s]
Loading reference sequences...  [0s]
Deallocating buffers...  [0s]
Deallocating queries...  [0s]
Loading query sequences...  [0s]
Closing the input file...  [0s]
Closing the output file...  [0s]
Closing the database...  [0s]
Cleaning up...  [0s]
Total time = 39.503s
Reported 19910 pairwise alignments, 19910 HSPs.
11528 queries aligned.
